<?xml version="1.0" encoding="UTF-8"?>
<!DOCTYPE beans PUBLIC "-//SPRING//DTD BEAN//EN" "http://www.springframework.org/dtd/spring-beans.dtd">
<beans>
    <bean id="dataSource" class="org.springframework.jdbc.datasource.DriverManagerDataSource"
        destroy-method="close">
        <property name="driverClassName" value="org.hsqldb.jdbcDriver" />
        <!-- property name="url" value="jdbc:hsqldb:hsql://localhost:9101/musicdb" / -->
        <property name="url"
            value="jdbc:hsqldb:mem:." />
        <property name="username" value="sa" />
        <property name="password" value="" />
    </bean>
</beans>
